05/10/2017 18:43:34
Success: Patients found (2) 
+ P0000001 
+ P0000002 
Warning: Patients not found (2) 
- P0000003 
- P0000004 
Result: 2/4 patients added (50%)
  
05/10/2017 18:43:59
Success: Patients found (2) 
+ P0000001 
+ P0000002 
Warning: Patients not found (2) 
- P0000003 
- P0000004 
Result: 2/4 patients added (50%)
  
05/10/2017 18:48:17
Success: Patients found (2) 
+ P0000001 
+ P0000002 
Warning: Patients not found (2) 
- P0000003 
- P0000004 
Result: 2/4 patients added (50%)
  
05/10/2017 18:49:31
Success: Patients found (2) 
+ P0000001 
+ P0000002 
Warning: Patients not found (2) 
- P0000003 
- P0000004 
Result: 2/4 patients added (50%)
  
05/10/2017 18:51:45
Success: Patients found (2) 
+ P0000001 
+ P0000002 
Warning: Patients not found (2) 
- P0000003 
- P0000004 
Result: 2/4 patients added (50%)
  
